ERC report (Thu Jun 11 13:04:14 2026, Encoding UTF8)

***** Sheet /
[label_dangling]: Label not connected to anything
    ; Severity: error
    @(140.97 mm, 48.26 mm): Label 'DI03'
[label_dangling]: Label not connected to anything
    ; Severity: error
    @(140.97 mm, 45.72 mm): Label 'DI02'
[label_dangling]: Label not connected to anything
    ; Severity: error
    @(140.97 mm, 43.18 mm): Label 'DI01'
[multiple_net_names]: Both LORA_DI00 and DI00 are attached to the same items; LORA_DI00 will be used in the netlist
    ; Severity: warning
    @(134.62 mm, 40.64 mm): Global Label 'LORA_DI00'
    @(140.97 mm, 40.64 mm): Label 'DI00'
[multiple_net_names]: Both LORA_CS and NSS are attached to the same items; LORA_CS will be used in the netlist
    ; Severity: warning
    @(175.26 mm, 33.02 mm): Global Label 'LORA_CS'
    @(166.37 mm, 33.02 mm): Label 'NSS'
[multiple_net_names]: Both SPI_MISO and MISO are attached to the same items; SPI_MISO will be used in the netlist
    ; Severity: warning
    @(175.26 mm, 38.10 mm): Global Label 'SPI_MISO'
    @(166.37 mm, 38.10 mm): Label 'MISO'
[label_dangling]: Label not connected to anything
    ; Severity: error
    @(166.37 mm, 43.18 mm): Label 'DI05'
[label_dangling]: Label not connected to anything
    ; Severity: error
    @(166.37 mm, 45.72 mm): Label 'DI04'
[multiple_net_names]: Both BAT_SYS and VR_VIN are attached to the same items; BAT_SYS will be used in the netlist
    ; Severity: warning
    @(135.89 mm, 67.31 mm): Global Label 'BAT_SYS'
    @(130.81 mm, 97.79 mm): Global Label 'VR_VIN'
[pin_not_connected]: Pin not connected
    ; Severity: error
    @(146.05 mm, 93.98 mm): Symbol VR1 [AP2112K-3.3] Pin 3 [EN, Input, Line]
[multiple_net_names]: Both 3V3 and VR_VOUT are attached to the same items; 3V3 will be used in the netlist
    ; Severity: warning
    @(120.65 mm, 35.56 mm): Global Label '3V3'
    @(180.34 mm, 99.06 mm): Global Label 'VR_VOUT'
[multiple_net_names]: Both EP_BUSY and BUSY are attached to the same items; EP_BUSY will be used in the netlist
    ; Severity: warning
    @(39.37 mm, 73.66 mm): Global Label 'EP_BUSY'
    @(39.37 mm, 80.01 mm): Label 'BUSY'
[multiple_net_names]: Both EP_CS and CS are attached to the same items; EP_CS will be used in the netlist
    ; Severity: warning
    @(31.75 mm, 73.66 mm): Global Label 'EP_CS'
    @(31.75 mm, 80.01 mm): Label 'CS'
[multiple_net_names]: Both SPI_MOSI and DIN are attached to the same items; SPI_MOSI will be used in the netlist
    ; Severity: warning
    @(26.67 mm, 73.66 mm): Global Label 'SPI_MOSI'
    @(26.67 mm, 80.01 mm): Label 'DIN'
[multiple_net_names]: Both SPI_SCK and CLK are attached to the same items; SPI_SCK will be used in the netlist
    ; Severity: warning
    @(29.21 mm, 73.66 mm): Global Label 'SPI_SCK'
    @(29.21 mm, 80.01 mm): Label 'CLK'
[multiple_net_names]: Both EP_DC and DC are attached to the same items; EP_DC will be used in the netlist
    ; Severity: warning
    @(34.29 mm, 73.66 mm): Global Label 'EP_DC'
    @(34.29 mm, 80.01 mm): Label 'DC'
[multiple_net_names]: Both EP_RST and LORA_RST are attached to the same items; EP_RST will be used in the netlist
    ; Severity: warning
    @(36.83 mm, 73.66 mm): Global Label 'EP_RST'
    @(25.40 mm, 130.81 mm): Global Label 'LORA_RST'
[pin_not_connected]: Pin not connected
    ; Severity: error
    @(71.12 mm, 133.35 mm): Symbol U1 [ESP32-S3-DEVKITC-1U-N8R8] Pin J3_6 [MTMS/GPIO42, Bidirectional, Line]
[pin_not_connected]: Pin not connected
    ; Severity: error
    @(71.12 mm, 161.29 mm): Symbol U1 [ESP32-S3-DEVKITC-1U-N8R8] Pin J3_17 [GPIO47, Bidirectional, Line]
[pin_not_connected]: Pin not connected
    ; Severity: error
    @(71.12 mm, 163.83 mm): Symbol U1 [ESP32-S3-DEVKITC-1U-N8R8] Pin J3_18 [GPIO21, Bidirectional, Line]
[pin_not_connected]: Pin not connected
    ; Severity: error
    @(71.12 mm, 166.37 mm): Symbol U1 [ESP32-S3-DEVKITC-1U-N8R8] Pin J3_19 [USB_D+/GPIO20, Bidirectional, Line]
[pin_not_connected]: Pin not connected
    ; Severity: error
    @(71.12 mm, 168.91 mm): Symbol U1 [ESP32-S3-DEVKITC-1U-N8R8] Pin J3_20 [USB_D-/GPIO19, Bidirectional, Line]
[pin_not_connected]: Pin not connected
    ; Severity: error
    @(25.40 mm, 156.21 mm): Symbol U1 [ESP32-S3-DEVKITC-1U-N8R8] Pin J1_15 [GPIO9, Bidirectional, Line]
[pin_not_connected]: Pin not connected
    ; Severity: error
    @(25.40 mm, 158.75 mm): Symbol U1 [ESP32-S3-DEVKITC-1U-N8R8] Pin J1_16 [GPIO10, Bidirectional, Line]
[pin_not_connected]: Pin not connected
    ; Severity: error
    @(25.40 mm, 168.91 mm): Symbol U1 [ESP32-S3-DEVKITC-1U-N8R8] Pin J1_20 [GPIO14, Bidirectional, Line]
[pin_not_connected]: Pin not connected
    ; Severity: error
    @(25.40 mm, 175.26 mm): Symbol U1 [ESP32-S3-DEVKITC-1U-N8R8] Pin J1_21 [5V0, Power input, Line]
[power_pin_not_driven]: Input Power pin not driven by any Output Power pins
    ; Severity: error
    @(25.40 mm, 175.26 mm): Symbol U1 [ESP32-S3-DEVKITC-1U-N8R8] Pin J1_21 [5V0, Power input, Line]
[pin_not_connected]: Pin not connected
    ; Severity: error
    @(25.40 mm, 146.05 mm): Symbol U1 [ESP32-S3-DEVKITC-1U-N8R8] Pin J1_11 [GPIO18, Bidirectional, Line]
[pin_not_connected]: Pin not connected
    ; Severity: error
    @(25.40 mm, 148.59 mm): Symbol U1 [ESP32-S3-DEVKITC-1U-N8R8] Pin J1_12 [GPIO8, Bidirectional, Line]
[pin_not_connected]: Pin not connected
    ; Severity: error
    @(25.40 mm, 151.13 mm): Symbol U1 [ESP32-S3-DEVKITC-1U-N8R8] Pin J1_13 [GPIO3, Bidirectional, Line]
[pin_not_connected]: Pin not connected
    ; Severity: error
    @(25.40 mm, 153.67 mm): Symbol U1 [ESP32-S3-DEVKITC-1U-N8R8] Pin J1_14 [GPIO46, Bidirectional, Line]
[pin_not_connected]: Pin not connected
    ; Severity: error
    @(25.40 mm, 121.92 mm): Symbol U1 [ESP32-S3-DEVKITC-1U-N8R8] Pin J1_3 [RST, Input, Line]
[pin_not_driven]: Input pin not driven by any Output pins
    ; Severity: error
    @(25.40 mm, 121.92 mm): Symbol U1 [ESP32-S3-DEVKITC-1U-N8R8] Pin J1_3 [RST, Input, Line]
[lib_symbol_issues]: Symbol 'ESP32-S3-DEVKITC-1U-N8R8' has been modified in library 'ESP32-S3-DEVKITC-1U-N8R8'.
    ; Severity: warning
    @(48.26 mm, 147.32 mm): Symbol U1 [ESP32-S3-DEVKITC-1U-N8R8]
[pin_not_connected]: Pin not connected
    ; Severity: error
    @(71.12 mm, 153.67 mm): Symbol U1 [ESP32-S3-DEVKITC-1U-N8R8] Pin J3_14 [GPIO0, Bidirectional, Line]
[pin_not_connected]: Pin not connected
    ; Severity: error
    @(71.12 mm, 156.21 mm): Symbol U1 [ESP32-S3-DEVKITC-1U-N8R8] Pin J3_15 [GPIO45, Bidirectional, Line]
[pin_not_connected]: Pin not connected
    ; Severity: error
    @(71.12 mm, 158.75 mm): Symbol U1 [ESP32-S3-DEVKITC-1U-N8R8] Pin J3_16 [GPIO48, Bidirectional, Line]
[pin_not_connected]: Pin not connected
    ; Severity: error
    @(71.12 mm, 123.19 mm): Symbol U1 [ESP32-S3-DEVKITC-1U-N8R8] Pin J3_2 [U0TXD/GPIO43, Bidirectional, Line]
[pin_not_connected]: Pin not connected
    ; Severity: error
    @(71.12 mm, 125.73 mm): Symbol U1 [ESP32-S3-DEVKITC-1U-N8R8] Pin J3_3 [U0RXD/GPIO44, Bidirectional, Line]
[pin_not_connected]: Pin not connected
    ; Severity: error
    @(71.12 mm, 128.27 mm): Symbol U1 [ESP32-S3-DEVKITC-1U-N8R8] Pin J3_4 [GPIO1, Bidirectional, Line]
[pin_not_connected]: Pin not connected
    ; Severity: error
    @(71.12 mm, 130.81 mm): Symbol U1 [ESP32-S3-DEVKITC-1U-N8R8] Pin J3_5 [GPIO2, Bidirectional, Line]
[multiple_net_names]: Both BAT_RAW and MC_VBAT are attached to the same items; BAT_RAW will be used in the netlist
    ; Severity: warning
    @(154.94 mm, 67.31 mm): Global Label 'BAT_RAW'
    @(222.25 mm, 88.90 mm): Global Label 'MC_VBAT'
[power_pin_not_driven]: Input Power pin not driven by any Output Power pins
    ; Severity: error
    @(146.05 mm, 91.44 mm): Symbol VR1 [AP2112K-3.3] Pin 1 [VIN, Power input, Line]
[power_pin_not_driven]: Input Power pin not driven by any Output Power pins
    ; Severity: error
    @(153.67 mm, 101.60 mm): Symbol VR1 [AP2112K-3.3] Pin 2 [GND, Power input, Line]
[pin_not_driven]: Input pin not driven by any Output pins
    ; Severity: error
    @(146.05 mm, 93.98 mm): Symbol VR1 [AP2112K-3.3] Pin 3 [EN, Input, Line]
[pin_not_connected]: Pin not connected
    ; Severity: error
    @(254.00 mm, 46.99 mm): Symbol J1 [USB_C_Receptacle_USB2.0] Pin A6 [D+, Bidirectional, Line]
[pin_not_connected]: Pin not connected
    ; Severity: error
    @(259.08 mm, 46.99 mm): Symbol J1 [USB_C_Receptacle_USB2.0] Pin A7 [D-, Bidirectional, Line]
[pin_not_connected]: Pin not connected
    ; Severity: error
    @(256.54 mm, 46.99 mm): Symbol J1 [USB_C_Receptacle_USB2.0] Pin B7 [D-, Bidirectional, Line]
[power_pin_not_driven]: Input Power pin not driven by any Output Power pins
    ; Severity: error
    @(236.22 mm, 66.04 mm): Symbol U2 [MCP73831-2-OT] Pin 4 [VDD, Power input, Line]
[pin_not_connected]: Pin not connected
    ; Severity: error
    @(243.84 mm, 46.99 mm): Symbol J1 [USB_C_Receptacle_USB2.0] Pin A8 [SBU1, Bidirectional, Line]
[pin_not_connected]: Pin not connected
    ; Severity: error
    @(251.46 mm, 46.99 mm): Symbol J1 [USB_C_Receptacle_USB2.0] Pin B6 [D+, Bidirectional, Line]
[pin_not_connected]: Pin not connected
    ; Severity: error
    @(241.30 mm, 46.99 mm): Symbol J1 [USB_C_Receptacle_USB2.0] Pin B8 [SBU2, Bidirectional, Line]

 ** ERC messages: 52  Errors 39  Warnings 13
